<?xml version='1.0' encoding='UTF-8'?>
<testsuite hostname="DESKTOP-G298UQ7" name="com.Adthena.BasketPricingTest" tests="6" errors="0" failures="0" skipped="0" time="0.271" timestamp="2023-09-30T20:19:22">
          <properties>
[...]
</properties>
          <testcase classname="com.Adthena.BasketPricingTest" name="calculatePrice should correctly calculate the total price" time="0.258">
                      
                    </testcase><testcase classname="com.Adthena.BasketPricingTest" name="calculatePrice should handle an empty basket" time="0.008">
                      
                    </testcase><testcase classname="com.Adthena.BasketPricingTest" name="applesDiscount should calculate 10% off for multiple Apple items" time="0.001">
                      
                    </testcase><testcase classname="com.Adthena.BasketPricingTest" name="applesDiscount should return 0 discount when there are no Apples in the basket" time="0.001">
                      
                    </testcase><testcase classname="com.Adthena.BasketPricingTest" name="soupBreadDiscount should calculate half price for Bread when buying 2 tins of Soup" time="0.002">
                      
                    </testcase><testcase classname="com.Adthena.BasketPricingTest" name="soupBreadDiscount should return 0 discount when there is no eligible Bread in the basket" time="0.001">
                      
                    </testcase>
          <system-out><![CDATA[]]></system-out>
          <system-err><![CDATA[]]></system-err>
        </testsuite>